[2023-07-19 06:31:53] production.ERROR: SQLSTATE[HY000] [1045] Access denied for user 'forge'@'localhost' (using password: NO) (Connection: mysql, SQL: SHOW FULL TABLES WHERE table_type = 'BASE TABLE') {"exception":"[object] (Illuminate\\Database\\QueryException(code: 1045): SQLSTATE[HY000] [1045] Access denied for user 'forge'@'localhost' (using password: NO) (Connection: mysql, SQL: SHOW FULL TABLES WHERE table_type = 'BASE TABLE') at D:\\FREELANCE\\backend\\backend-arusaka\\vendor\\laravel\\framework\\src\\Illuminate\\Database\\Connection.php:795)
[stacktrace]
#0 D:\\FREELANCE\\backend\\backend-arusaka\\vendor\\laravel\\framework\\src\\Illuminate\\Database\\Connection.php(755): Illuminate\\Database\\Connection->runQueryCallback('SHOW FULL TABLE...', Array, Object(Closure))
#1 D:\\FREELANCE\\backend\\backend-arusaka\\vendor\\laravel\\framework\\src\\Illuminate\\Database\\Connection.php(407): Illuminate\\Database\\Connection->run('SHOW FULL TABLE...', Array, Object(Closure))
#2 D:\\FREELANCE\\backend\\backend-arusaka\\vendor\\laravel\\framework\\src\\Illuminate\\Database\\Schema\\MySqlBuilder.php(124): Illuminate\\Database\\Connection->select('SHOW FULL TABLE...')
#3 D:\\FREELANCE\\backend\\backend-arusaka\\vendor\\laravel\\framework\\src\\Illuminate\\Database\\Schema\\MySqlBuilder.php(74): Illuminate\\Database\\Schema\\MySqlBuilder->getAllTables()
#4 D:\\FREELANCE\\backend\\backend-arusaka\\vendor\\laravel\\framework\\src\\Illuminate\\Database\\Console\\WipeCommand.php(71): Illuminate\\Database\\Schema\\MySqlBuilder->dropAllTables()
#5 D:\\FREELANCE\\backend\\backend-arusaka\\vendor\\laravel\\framework\\src\\Illuminate\\Database\\Console\\WipeCommand.php(48): Illuminate\\Database\\Console\\WipeCommand->dropAllTables(NULL)
#6 D:\\FREELANCE\\backend\\backend-arusaka\\vendor\\laravel\\framework\\src\\Illuminate\\Container\\BoundMethod.php(36): Illuminate\\Database\\Console\\WipeCommand->handle()
#7 D:\\FREELANCE\\backend\\backend-arusaka\\vendor\\laravel\\framework\\src\\Illuminate\\Container\\Util.php(41): Illuminate\\Container\\BoundMethod::Illuminate\\Container\\{closure}()
#8 D:\\FREELANCE\\backend\\backend-arusaka\\vendor\\laravel\\framework\\src\\Illuminate\\Container\\BoundMethod.php(93): Illuminate\\Container\\Util::unwrapIfClosure(Object(Closure))
#9 D:\\FREELANCE\\backend\\backend-arusaka\\vendor\\laravel\\framework\\src\\Illuminate\\Container\\BoundMethod.php(35): Illuminate\\Container\\BoundMethod::callBoundMethod(Object(Illuminate\\Foundation\\Application), Array, Object(Closure))
#10 D:\\FREELANCE\\backend\\backend-arusaka\\vendor\\laravel\\framework\\src\\Illuminate\\Container\\Container.php(662): Illuminate\\Container\\BoundMethod::call(Object(Illuminate\\Foundation\\Application), Array, Array, NULL)
#11 D:\\FREELANCE\\backend\\backend-arusaka\\vendor\\laravel\\framework\\src\\Illuminate\\Console\\Command.php(208): Illuminate\\Container\\Container->call(Array)
#12 D:\\FREELANCE\\backend\\backend-arusaka\\vendor\\symfony\\console\\Command\\Command.php(326): Illuminate\\Console\\Command->execute(Object(Symfony\\Component\\Console\\Input\\ArrayInput), Object(Illuminate\\Console\\OutputStyle))
#13 D:\\FREELANCE\\backend\\backend-arusaka\\vendor\\laravel\\framework\\src\\Illuminate\\Console\\Command.php(177): Symfony\\Component\\Console\\Command\\Command->run(Object(Symfony\\Component\\Console\\Input\\ArrayInput), Object(Illuminate\\Console\\OutputStyle))
#14 D:\\FREELANCE\\backend\\backend-arusaka\\vendor\\laravel\\framework\\src\\Illuminate\\Console\\Concerns\\CallsCommands.php(67): Illuminate\\Console\\Command->run(Object(Symfony\\Component\\Console\\Input\\ArrayInput), Object(Symfony\\Component\\Console\\Output\\NullOutput))
#15 D:\\FREELANCE\\backend\\backend-arusaka\\vendor\\laravel\\framework\\src\\Illuminate\\Console\\Concerns\\CallsCommands.php(40): Illuminate\\Console\\Command->runCommand('db:wipe', Array, Object(Symfony\\Component\\Console\\Output\\NullOutput))
#16 D:\\FREELANCE\\backend\\backend-arusaka\\vendor\\laravel\\framework\\src\\Illuminate\\Database\\Console\\Migrations\\FreshCommand.php(44): Illuminate\\Console\\Command->callSilent('db:wipe', Array)
#17 D:\\FREELANCE\\backend\\backend-arusaka\\vendor\\laravel\\framework\\src\\Illuminate\\Console\\View\\Components\\Task.php(37): Illuminate\\Database\\Console\\Migrations\\FreshCommand->Illuminate\\Database\\Console\\Migrations\\{closure}()
#18 D:\\FREELANCE\\backend\\backend-arusaka\\vendor\\laravel\\framework\\src\\Illuminate\\Console\\View\\Components\\Factory.php(58): Illuminate\\Console\\View\\Components\\Task->render('Dropping all ta...', Object(Closure))
#19 D:\\FREELANCE\\backend\\backend-arusaka\\vendor\\laravel\\framework\\src\\Illuminate\\Database\\Console\\Migrations\\FreshCommand.php(44): Illuminate\\Console\\View\\Components\\Factory->__call('task', Array)
#20 D:\\FREELANCE\\backend\\backend-arusaka\\vendor\\laravel\\framework\\src\\Illuminate\\Container\\BoundMethod.php(36): Illuminate\\Database\\Console\\Migrations\\FreshCommand->handle()
#21 D:\\FREELANCE\\backend\\backend-arusaka\\vendor\\laravel\\framework\\src\\Illuminate\\Container\\Util.php(41): Illuminate\\Container\\BoundMethod::Illuminate\\Container\\{closure}()
#22 D:\\FREELANCE\\backend\\backend-arusaka\\vendor\\laravel\\framework\\src\\Illuminate\\Container\\BoundMethod.php(93): Illuminate\\Container\\Util::unwrapIfClosure(Object(Closure))
#23 D:\\FREELANCE\\backend\\backend-arusaka\\vendor\\laravel\\framework\\src\\Illuminate\\Container\\BoundMethod.php(35): Illuminate\\Container\\BoundMethod::callBoundMethod(Object(Illuminate\\Foundation\\Application), Array, Object(Closure))
#24 D:\\FREELANCE\\backend\\backend-arusaka\\vendor\\laravel\\framework\\src\\Illuminate\\Container\\Container.php(662): Illuminate\\Container\\BoundMethod::call(Object(Illuminate\\Foundation\\Application), Array, Array, NULL)
#25 D:\\FREELANCE\\backend\\backend-arusaka\\vendor\\laravel\\framework\\src\\Illuminate\\Console\\Command.php(208): Illuminate\\Container\\Container->call(Array)
#26 D:\\FREELANCE\\backend\\backend-arusaka\\vendor\\symfony\\console\\Command\\Command.php(326): Illuminate\\Console\\Command->execute(Object(Symfony\\Component\\Console\\Input\\ArgvInput), Object(Illuminate\\Console\\OutputStyle))
#27 D:\\FREELANCE\\backend\\backend-arusaka\\vendor\\laravel\\framework\\src\\Illuminate\\Console\\Command.php(177): Symfony\\Component\\Console\\Command\\Command->run(Object(Symfony\\Component\\Console\\Input\\ArgvInput), Object(Illuminate\\Console\\OutputStyle))
#28 D:\\FREELANCE\\backend\\backend-arusaka\\vendor\\symfony\\console\\Application.php(1081): Illuminate\\Console\\Command->run(Object(Symfony\\Component\\Console\\Input\\ArgvInput), Object(Symfony\\Component\\Console\\Output\\ConsoleOutput))
#29 D:\\FREELANCE\\backend\\backend-arusaka\\vendor\\symfony\\console\\Application.php(320): Symfony\\Component\\Console\\Application->doRunCommand(Object(Illuminate\\Database\\Console\\Migrations\\FreshCommand), Object(Symfony\\Component\\Console\\Input\\ArgvInput), Object(Symfony\\Component\\Console\\Output\\ConsoleOutput))
#30 D:\\FREELANCE\\backend\\backend-arusaka\\vendor\\symfony\\console\\Application.php(174): Symfony\\Component\\Console\\Application->doRun(Object(Symfony\\Component\\Console\\Input\\ArgvInput), Object(Symfony\\Component\\Console\\Output\\ConsoleOutput))
#31 D:\\FREELANCE\\backend\\backend-arusaka\\vendor\\laravel\\framework\\src\\Illuminate\\Foundation\\Console\\Kernel.php(200): Symfony\\Component\\Console\\Application->run(Object(Symfony\\Component\\Console\\Input\\ArgvInput), Object(Symfony\\Component\\Console\\Output\\ConsoleOutput))
#32 D:\\FREELANCE\\backend\\backend-arusaka\\artisan(35): Illuminate\\Foundation\\Console\\Kernel->handle(Object(Symfony\\Component\\Console\\Input\\ArgvInput), Object(Symfony\\Component\\Console\\Output\\ConsoleOutput))
#33 {main}

[previous exception] [object] (PDOException(code: 1045): SQLSTATE[HY000] [1045] Access denied for user 'forge'@'localhost' (using password: NO) at D:\\FREELANCE\\backend\\backend-arusaka\\vendor\\laravel\\framework\\src\\Illuminate\\Database\\Connectors\\Connector.php:65)
[stacktrace]
#0 D:\\FREELANCE\\backend\\backend-arusaka\\vendor\\laravel\\framework\\src\\Illuminate\\Database\\Connectors\\Connector.php(65): PDO->__construct('mysql:host=127....', 'forge', Object(SensitiveParameterValue), Array)
#1 D:\\FREELANCE\\backend\\backend-arusaka\\vendor\\laravel\\framework\\src\\Illuminate\\Database\\Connectors\\Connector.php(44): Illuminate\\Database\\Connectors\\Connector->createPdoConnection('mysql:host=127....', 'forge', '', Array)
#2 D:\\FREELANCE\\backend\\backend-arusaka\\vendor\\laravel\\framework\\src\\Illuminate\\Database\\Connectors\\MySqlConnector.php(24): Illuminate\\Database\\Connectors\\Connector->createConnection('mysql:host=127....', Array, Array)
#3 D:\\FREELANCE\\backend\\backend-arusaka\\vendor\\laravel\\framework\\src\\Illuminate\\Database\\Connectors\\ConnectionFactory.php(184): Illuminate\\Database\\Connectors\\MySqlConnector->connect(Array)
#4 [internal function]: Illuminate\\Database\\Connectors\\ConnectionFactory->Illuminate\\Database\\Connectors\\{closure}()
#5 D:\\FREELANCE\\backend\\backend-arusaka\\vendor\\laravel\\framework\\src\\Illuminate\\Database\\Connection.php(1275): call_user_func(Object(Closure))
#6 D:\\FREELANCE\\backend\\backend-arusaka\\vendor\\laravel\\framework\\src\\Illuminate\\Database\\Connection.php(1311): Illuminate\\Database\\Connection->getPdo()
#7 D:\\FREELANCE\\backend\\backend-arusaka\\vendor\\laravel\\framework\\src\\Illuminate\\Database\\Connection.php(521): Illuminate\\Database\\Connection->getReadPdo()
#8 D:\\FREELANCE\\backend\\backend-arusaka\\vendor\\laravel\\framework\\src\\Illuminate\\Database\\Connection.php(416): Illuminate\\Database\\Connection->getPdoForSelect(true)
#9 D:\\FREELANCE\\backend\\backend-arusaka\\vendor\\laravel\\framework\\src\\Illuminate\\Database\\Connection.php(788): Illuminate\\Database\\Connection->Illuminate\\Database\\{closure}('SHOW FULL TABLE...', Array)
#10 D:\\FREELANCE\\backend\\backend-arusaka\\vendor\\laravel\\framework\\src\\Illuminate\\Database\\Connection.php(755): Illuminate\\Database\\Connection->runQueryCallback('SHOW FULL TABLE...', Array, Object(Closure))
#11 D:\\FREELANCE\\backend\\backend-arusaka\\vendor\\laravel\\framework\\src\\Illuminate\\Database\\Connection.php(407): Illuminate\\Database\\Connection->run('SHOW FULL TABLE...', Array, Object(Closure))
#12 D:\\FREELANCE\\backend\\backend-arusaka\\vendor\\laravel\\framework\\src\\Illuminate\\Database\\Schema\\MySqlBuilder.php(124): Illuminate\\Database\\Connection->select('SHOW FULL TABLE...')
#13 D:\\FREELANCE\\backend\\backend-arusaka\\vendor\\laravel\\framework\\src\\Illuminate\\Database\\Schema\\MySqlBuilder.php(74): Illuminate\\Database\\Schema\\MySqlBuilder->getAllTables()
#14 D:\\FREELANCE\\backend\\backend-arusaka\\vendor\\laravel\\framework\\src\\Illuminate\\Database\\Console\\WipeCommand.php(71): Illuminate\\Database\\Schema\\MySqlBuilder->dropAllTables()
#15 D:\\FREELANCE\\backend\\backend-arusaka\\vendor\\laravel\\framework\\src\\Illuminate\\Database\\Console\\WipeCommand.php(48): Illuminate\\Database\\Console\\WipeCommand->dropAllTables(NULL)
#16 D:\\FREELANCE\\backend\\backend-arusaka\\vendor\\laravel\\framework\\src\\Illuminate\\Container\\BoundMethod.php(36): Illuminate\\Database\\Console\\WipeCommand->handle()
#17 D:\\FREELANCE\\backend\\backend-arusaka\\vendor\\laravel\\framework\\src\\Illuminate\\Container\\Util.php(41): Illuminate\\Container\\BoundMethod::Illuminate\\Container\\{closure}()
#18 D:\\FREELANCE\\backend\\backend-arusaka\\vendor\\laravel\\framework\\src\\Illuminate\\Container\\BoundMethod.php(93): Illuminate\\Container\\Util::unwrapIfClosure(Object(Closure))
#19 D:\\FREELANCE\\backend\\backend-arusaka\\vendor\\laravel\\framework\\src\\Illuminate\\Container\\BoundMethod.php(35): Illuminate\\Container\\BoundMethod::callBoundMethod(Object(Illuminate\\Foundation\\Application), Array, Object(Closure))
#20 D:\\FREELANCE\\backend\\backend-arusaka\\vendor\\laravel\\framework\\src\\Illuminate\\Container\\Container.php(662): Illuminate\\Container\\BoundMethod::call(Object(Illuminate\\Foundation\\Application), Array, Array, NULL)
#21 D:\\FREELANCE\\backend\\backend-arusaka\\vendor\\laravel\\framework\\src\\Illuminate\\Console\\Command.php(208): Illuminate\\Container\\Container->call(Array)
#22 D:\\FREELANCE\\backend\\backend-arusaka\\vendor\\symfony\\console\\Command\\Command.php(326): Illuminate\\Console\\Command->execute(Object(Symfony\\Component\\Console\\Input\\ArrayInput), Object(Illuminate\\Console\\OutputStyle))
#23 D:\\FREELANCE\\backend\\backend-arusaka\\vendor\\laravel\\framework\\src\\Illuminate\\Console\\Command.php(177): Symfony\\Component\\Console\\Command\\Command->run(Object(Symfony\\Component\\Console\\Input\\ArrayInput), Object(Illuminate\\Console\\OutputStyle))
#24 D:\\FREELANCE\\backend\\backend-arusaka\\vendor\\laravel\\framework\\src\\Illuminate\\Console\\Concerns\\CallsCommands.php(67): Illuminate\\Console\\Command->run(Object(Symfony\\Component\\Console\\Input\\ArrayInput), Object(Symfony\\Component\\Console\\Output\\NullOutput))
#25 D:\\FREELANCE\\backend\\backend-arusaka\\vendor\\laravel\\framework\\src\\Illuminate\\Console\\Concerns\\CallsCommands.php(40): Illuminate\\Console\\Command->runCommand('db:wipe', Array, Object(Symfony\\Component\\Console\\Output\\NullOutput))
#26 D:\\FREELANCE\\backend\\backend-arusaka\\vendor\\laravel\\framework\\src\\Illuminate\\Database\\Console\\Migrations\\FreshCommand.php(44): Illuminate\\Console\\Command->callSilent('db:wipe', Array)
#27 D:\\FREELANCE\\backend\\backend-arusaka\\vendor\\laravel\\framework\\src\\Illuminate\\Console\\View\\Components\\Task.php(37): Illuminate\\Database\\Console\\Migrations\\FreshCommand->Illuminate\\Database\\Console\\Migrations\\{closure}()
#28 D:\\FREELANCE\\backend\\backend-arusaka\\vendor\\laravel\\framework\\src\\Illuminate\\Console\\View\\Components\\Factory.php(58): Illuminate\\Console\\View\\Components\\Task->render('Dropping all ta...', Object(Closure))
#29 D:\\FREELANCE\\backend\\backend-arusaka\\vendor\\laravel\\framework\\src\\Illuminate\\Database\\Console\\Migrations\\FreshCommand.php(44): Illuminate\\Console\\View\\Components\\Factory->__call('task', Array)
#30 D:\\FREELANCE\\backend\\backend-arusaka\\vendor\\laravel\\framework\\src\\Illuminate\\Container\\BoundMethod.php(36): Illuminate\\Database\\Console\\Migrations\\FreshCommand->handle()
#31 D:\\FREELANCE\\backend\\backend-arusaka\\vendor\\laravel\\framework\\src\\Illuminate\\Container\\Util.php(41): Illuminate\\Container\\BoundMethod::Illuminate\\Container\\{closure}()
#32 D:\\FREELANCE\\backend\\backend-arusaka\\vendor\\laravel\\framework\\src\\Illuminate\\Container\\BoundMethod.php(93): Illuminate\\Container\\Util::unwrapIfClosure(Object(Closure))
#33 D:\\FREELANCE\\backend\\backend-arusaka\\vendor\\laravel\\framework\\src\\Illuminate\\Container\\BoundMethod.php(35): Illuminate\\Container\\BoundMethod::callBoundMethod(Object(Illuminate\\Foundation\\Application), Array, Object(Closure))
#34 D:\\FREELANCE\\backend\\backend-arusaka\\vendor\\laravel\\framework\\src\\Illuminate\\Container\\Container.php(662): Illuminate\\Container\\BoundMethod::call(Object(Illuminate\\Foundation\\Application), Array, Array, NULL)
#35 D:\\FREELANCE\\backend\\backend-arusaka\\vendor\\laravel\\framework\\src\\Illuminate\\Console\\Command.php(208): Illuminate\\Container\\Container->call(Array)
#36 D:\\FREELANCE\\backend\\backend-arusaka\\vendor\\symfony\\console\\Command\\Command.php(326): Illuminate\\Console\\Command->execute(Object(Symfony\\Component\\Console\\Input\\ArgvInput), Object(Illuminate\\Console\\OutputStyle))
#37 D:\\FREELANCE\\backend\\backend-arusaka\\vendor\\laravel\\framework\\src\\Illuminate\\Console\\Command.php(177): Symfony\\Component\\Console\\Command\\Command->run(Object(Symfony\\Component\\Console\\Input\\ArgvInput), Object(Illuminate\\Console\\OutputStyle))
#38 D:\\FREELANCE\\backend\\backend-arusaka\\vendor\\symfony\\console\\Application.php(1081): Illuminate\\Console\\Command->run(Object(Symfony\\Component\\Console\\Input\\ArgvInput), Object(Symfony\\Component\\Console\\Output\\ConsoleOutput))
#39 D:\\FREELANCE\\backend\\backend-arusaka\\vendor\\symfony\\console\\Application.php(320): Symfony\\Component\\Console\\Application->doRunCommand(Object(Illuminate\\Database\\Console\\Migrations\\FreshCommand), Object(Symfony\\Component\\Console\\Input\\ArgvInput), Object(Symfony\\Component\\Console\\Output\\ConsoleOutput))
#40 D:\\FREELANCE\\backend\\backend-arusaka\\vendor\\symfony\\console\\Application.php(174): Symfony\\Component\\Console\\Application->doRun(Object(Symfony\\Component\\Console\\Input\\ArgvInput), Object(Symfony\\Component\\Console\\Output\\ConsoleOutput))
#41 D:\\FREELANCE\\backend\\backend-arusaka\\vendor\\laravel\\framework\\src\\Illuminate\\Foundation\\Console\\Kernel.php(200): Symfony\\Component\\Console\\Application->run(Object(Symfony\\Component\\Console\\Input\\ArgvInput), Object(Symfony\\Component\\Console\\Output\\ConsoleOutput))
#42 D:\\FREELANCE\\backend\\backend-arusaka\\artisan(35): Illuminate\\Foundation\\Console\\Kernel->handle(Object(Symfony\\Component\\Console\\Input\\ArgvInput), Object(Symfony\\Component\\Console\\Output\\ConsoleOutput))
#43 {main}
"} 
[2023-08-06 09:49:48] local.ERROR: Must supply cloudName {"userId":1,"exception":"[object] (InvalidArgumentException(code: 0): Must supply cloudName at D:\\FREELANCE\\backend\\backend-arusaka\\vendor\\cloudinary\\cloudinary_php\\src\\Configuration\\BaseConfigSection.php:188)
[stacktrace]
#0 D:\\FREELANCE\\backend\\backend-arusaka\\vendor\\cloudinary\\cloudinary_php\\src\\Api\\ApiClient.php(468): Cloudinary\\Configuration\\BaseConfigSection->assertNotEmpty(Array)
#1 D:\\FREELANCE\\backend\\backend-arusaka\\vendor\\cloudinary\\cloudinary_php\\src\\Api\\UploadApiClient.php(38): Cloudinary\\Api\\ApiClient::validateAuthorization(Object(Cloudinary\\Configuration\\CloudConfig), Array)
#2 D:\\FREELANCE\\backend\\backend-arusaka\\vendor\\cloudinary\\cloudinary_php\\src\\Api\\ApiClient.php(298): Cloudinary\\Api\\UploadApiClient::validateAuthorization(Object(Cloudinary\\Configuration\\CloudConfig), Array)
#3 D:\\FREELANCE\\backend\\backend-arusaka\\vendor\\cloudinary\\cloudinary_php\\src\\Api\\BaseApiClient.php(244): Cloudinary\\Api\\ApiClient->callAsync('POST', 'auto/upload', Array)
#4 D:\\FREELANCE\\backend\\backend-arusaka\\vendor\\cloudinary\\cloudinary_php\\src\\Api\\ApiClient.php(184): Cloudinary\\Api\\BaseApiClient->postAsync('auto/upload', Array)
#5 D:\\FREELANCE\\backend\\backend-arusaka\\vendor\\cloudinary\\cloudinary_php\\src\\Api\\ApiClient.php(394): Cloudinary\\Api\\ApiClient->postMultiPartAsync('auto/upload', Array, NULL, Array)
#6 D:\\FREELANCE\\backend\\backend-arusaka\\vendor\\cloudinary\\cloudinary_php\\src\\Api\\ApiClient.php(279): Cloudinary\\Api\\ApiClient->postSingleChunkAsync('auto/upload', Object(GuzzleHttp\\Psr7\\Stream), Array, Array)
#7 D:\\FREELANCE\\backend\\backend-arusaka\\vendor\\cloudinary\\cloudinary_php\\src\\Api\\Upload\\UploadTrait.php(138): Cloudinary\\Api\\ApiClient->postFileAsync('auto/upload', 'D:\\\\FREELANCE\\\\ba...', Array, Array)
#8 D:\\FREELANCE\\backend\\backend-arusaka\\vendor\\cloudinary\\cloudinary_php\\src\\Api\\Upload\\UploadTrait.php(162): Cloudinary\\Api\\Upload\\UploadApi->uploadAsync('D:\\\\FREELANCE\\\\ba...', Array)
#9 D:\\FREELANCE\\backend\\backend-arusaka\\app\\Http\\Controllers\\PartnerController.php(58): Cloudinary\\Api\\Upload\\UploadApi->upload('D:\\\\FREELANCE\\\\ba...', Array)
#10 D:\\FREELANCE\\backend\\backend-arusaka\\app\\Http\\Controllers\\PartnerController.php(70): App\\Http\\Controllers\\PartnerController->uploadImage(Object(Illuminate\\Http\\UploadedFile))
#11 D:\\FREELANCE\\backend\\backend-arusaka\\vendor\\laravel\\framework\\src\\Illuminate\\Routing\\Controller.php(54): App\\Http\\Controllers\\PartnerController->store(Object(Illuminate\\Http\\Request))
#12 D:\\FREELANCE\\backend\\backend-arusaka\\vendor\\laravel\\framework\\src\\Illuminate\\Routing\\ControllerDispatcher.php(43): Illuminate\\Routing\\Controller->callAction('store', Array)
#13 D:\\FREELANCE\\backend\\backend-arusaka\\vendor\\laravel\\framework\\src\\Illuminate\\Routing\\Route.php(259): Illuminate\\Routing\\ControllerDispatcher->dispatch(Object(Illuminate\\Routing\\Route), Object(App\\Http\\Controllers\\PartnerController), 'store')
#14 D:\\FREELANCE\\backend\\backend-arusaka\\vendor\\laravel\\framework\\src\\Illuminate\\Routing\\Route.php(205): Illuminate\\Routing\\Route->runController()
#15 D:\\FREELANCE\\backend\\backend-arusaka\\vendor\\laravel\\framework\\src\\Illuminate\\Routing\\Router.php(799): Illuminate\\Routing\\Route->run()
#16 D:\\FREELANCE\\backend\\backend-arusaka\\vendor\\laravel\\framework\\src\\Illuminate\\Pipeline\\Pipeline.php(141): Illuminate\\Routing\\Router->Illuminate\\Routing\\{closure}(Object(Illuminate\\Http\\Request))
#17 D:\\FREELANCE\\backend\\backend-arusaka\\vendor\\laravel\\framework\\src\\Illuminate\\Routing\\Middleware\\SubstituteBindings.php(50): Illuminate\\Pipeline\\Pipeline->Illuminate\\Pipeline\\{closure}(Object(Illuminate\\Http\\Request))
#18 D:\\FREELANCE\\backend\\backend-arusaka\\vendor\\laravel\\framework\\src\\Illuminate\\Pipeline\\Pipeline.php(180): Illuminate\\Routing\\Middleware\\SubstituteBindings->handle(Object(Illuminate\\Http\\Request), Object(Closure))
#19 D:\\FREELANCE\\backend\\backend-arusaka\\vendor\\laravel\\framework\\src\\Illuminate\\Routing\\Middleware\\ThrottleRequests.php(159): Illuminate\\Pipeline\\Pipeline->Illuminate\\Pipeline\\{closure}(Object(Illuminate\\Http\\Request))
#20 D:\\FREELANCE\\backend\\backend-arusaka\\vendor\\laravel\\framework\\src\\Illuminate\\Routing\\Middleware\\ThrottleRequests.php(125): Illuminate\\Routing\\Middleware\\ThrottleRequests->handleRequest(Object(Illuminate\\Http\\Request), Object(Closure), Array)
#21 D:\\FREELANCE\\backend\\backend-arusaka\\vendor\\laravel\\framework\\src\\Illuminate\\Routing\\Middleware\\ThrottleRequests.php(87): Illuminate\\Routing\\Middleware\\ThrottleRequests->handleRequestUsingNamedLimiter(Object(Illuminate\\Http\\Request), Object(Closure), 'api', Object(Closure))
#22 D:\\FREELANCE\\backend\\backend-arusaka\\vendor\\laravel\\framework\\src\\Illuminate\\Pipeline\\Pipeline.php(180): Illuminate\\Routing\\Middleware\\ThrottleRequests->handle(Object(Illuminate\\Http\\Request), Object(Closure), 'api')
#23 D:\\FREELANCE\\backend\\backend-arusaka\\vendor\\laravel\\framework\\src\\Illuminate\\Auth\\Middleware\\Authenticate.php(57): Illuminate\\Pipeline\\Pipeline->Illuminate\\Pipeline\\{closure}(Object(Illuminate\\Http\\Request))
#24 D:\\FREELANCE\\backend\\backend-arusaka\\vendor\\laravel\\framework\\src\\Illuminate\\Pipeline\\Pipeline.php(180): Illuminate\\Auth\\Middleware\\Authenticate->handle(Object(Illuminate\\Http\\Request), Object(Closure), 'sanctum')
#25 D:\\FREELANCE\\backend\\backend-arusaka\\vendor\\laravel\\framework\\src\\Illuminate\\Pipeline\\Pipeline.php(116): Illuminate\\Pipeline\\Pipeline->Illuminate\\Pipeline\\{closure}(Object(Illuminate\\Http\\Request))
#26 D:\\FREELANCE\\backend\\backend-arusaka\\vendor\\laravel\\framework\\src\\Illuminate\\Routing\\Router.php(798): Illuminate\\Pipeline\\Pipeline->then(Object(Closure))
#27 D:\\FREELANCE\\backend\\backend-arusaka\\vendor\\laravel\\framework\\src\\Illuminate\\Routing\\Router.php(777): Illuminate\\Routing\\Router->runRouteWithinStack(Object(Illuminate\\Routing\\Route), Object(Illuminate\\Http\\Request))
#28 D:\\FREELANCE\\backend\\backend-arusaka\\vendor\\laravel\\framework\\src\\Illuminate\\Routing\\Router.php(741): Illuminate\\Routing\\Router->runRoute(Object(Illuminate\\Http\\Request), Object(Illuminate\\Routing\\Route))
#29 D:\\FREELANCE\\backend\\backend-arusaka\\vendor\\laravel\\framework\\src\\Illuminate\\Routing\\Router.php(730): Illuminate\\Routing\\Router->dispatchToRoute(Object(Illuminate\\Http\\Request))
#30 D:\\FREELANCE\\backend\\backend-arusaka\\vendor\\laravel\\framework\\src\\Illuminate\\Foundation\\Http\\Kernel.php(200): Illuminate\\Routing\\Router->dispatch(Object(Illuminate\\Http\\Request))
#31 D:\\FREELANCE\\backend\\backend-arusaka\\vendor\\laravel\\framework\\src\\Illuminate\\Pipeline\\Pipeline.php(141): Illuminate\\Foundation\\Http\\Kernel->Illuminate\\Foundation\\Http\\{closure}(Object(Illuminate\\Http\\Request))
#32 D:\\FREELANCE\\backend\\backend-arusaka\\vendor\\laravel\\framework\\src\\Illuminate\\Foundation\\Http\\Middleware\\TransformsRequest.php(21): Illuminate\\Pipeline\\Pipeline->Illuminate\\Pipeline\\{closure}(Object(Illuminate\\Http\\Request))
#33 D:\\FREELANCE\\backend\\backend-arusaka\\vendor\\laravel\\framework\\src\\Illuminate\\Foundation\\Http\\Middleware\\ConvertEmptyStringsToNull.php(31): Illuminate\\Foundation\\Http\\Middleware\\TransformsRequest->handle(Object(Illuminate\\Http\\Request), Object(Closure))
#34 D:\\FREELANCE\\backend\\backend-arusaka\\vendor\\laravel\\framework\\src\\Illuminate\\Pipeline\\Pipeline.php(180): Illuminate\\Foundation\\Http\\Middleware\\ConvertEmptyStringsToNull->handle(Object(Illuminate\\Http\\Request), Object(Closure))
#35 D:\\FREELANCE\\backend\\backend-arusaka\\vendor\\laravel\\framework\\src\\Illuminate\\Foundation\\Http\\Middleware\\TransformsRequest.php(21): Illuminate\\Pipeline\\Pipeline->Illuminate\\Pipeline\\{closure}(Object(Illuminate\\Http\\Request))
#36 D:\\FREELANCE\\backend\\backend-arusaka\\vendor\\laravel\\framework\\src\\Illuminate\\Foundation\\Http\\Middleware\\TrimStrings.php(40): Illuminate\\Foundation\\Http\\Middleware\\TransformsRequest->handle(Object(Illuminate\\Http\\Request), Object(Closure))
#37 D:\\FREELANCE\\backend\\backend-arusaka\\vendor\\laravel\\framework\\src\\Illuminate\\Pipeline\\Pipeline.php(180): Illuminate\\Foundation\\Http\\Middleware\\TrimStrings->handle(Object(Illuminate\\Http\\Request), Object(Closure))
#38 D:\\FREELANCE\\backend\\backend-arusaka\\vendor\\laravel\\framework\\src\\Illuminate\\Foundation\\Http\\Middleware\\ValidatePostSize.php(27): Illuminate\\Pipeline\\Pipeline->Illuminate\\Pipeline\\{closure}(Object(Illuminate\\Http\\Request))
#39 D:\\FREELANCE\\backend\\backend-arusaka\\vendor\\laravel\\framework\\src\\Illuminate\\Pipeline\\Pipeline.php(180): Illuminate\\Foundation\\Http\\Middleware\\ValidatePostSize->handle(Object(Illuminate\\Http\\Request), Object(Closure))
#40 D:\\FREELANCE\\backend\\backend-arusaka\\vendor\\laravel\\framework\\src\\Illuminate\\Foundation\\Http\\Middleware\\PreventRequestsDuringMaintenance.php(86): Illuminate\\Pipeline\\Pipeline->Illuminate\\Pipeline\\{closure}(Object(Illuminate\\Http\\Request))
#41 D:\\FREELANCE\\backend\\backend-arusaka\\vendor\\laravel\\framework\\src\\Illuminate\\Pipeline\\Pipeline.php(180): Illuminate\\Foundation\\Http\\Middleware\\PreventRequestsDuringMaintenance->handle(Object(Illuminate\\Http\\Request), Object(Closure))
#42 D:\\FREELANCE\\backend\\backend-arusaka\\vendor\\laravel\\framework\\src\\Illuminate\\Http\\Middleware\\HandleCors.php(62): Illuminate\\Pipeline\\Pipeline->Illuminate\\Pipeline\\{closure}(Object(Illuminate\\Http\\Request))
#43 D:\\FREELANCE\\backend\\backend-arusaka\\vendor\\laravel\\framework\\src\\Illuminate\\Pipeline\\Pipeline.php(180): Illuminate\\Http\\Middleware\\HandleCors->handle(Object(Illuminate\\Http\\Request), Object(Closure))
#44 D:\\FREELANCE\\backend\\backend-arusaka\\vendor\\laravel\\framework\\src\\Illuminate\\Http\\Middleware\\TrustProxies.php(39): Illuminate\\Pipeline\\Pipeline->Illuminate\\Pipeline\\{closure}(Object(Illuminate\\Http\\Request))
#45 D:\\FREELANCE\\backend\\backend-arusaka\\vendor\\laravel\\framework\\src\\Illuminate\\Pipeline\\Pipeline.php(180): Illuminate\\Http\\Middleware\\TrustProxies->handle(Object(Illuminate\\Http\\Request), Object(Closure))
#46 D:\\FREELANCE\\backend\\backend-arusaka\\vendor\\laravel\\framework\\src\\Illuminate\\Pipeline\\Pipeline.php(116): Illuminate\\Pipeline\\Pipeline->Illuminate\\Pipeline\\{closure}(Object(Illuminate\\Http\\Request))
#47 D:\\FREELANCE\\backend\\backend-arusaka\\vendor\\laravel\\framework\\src\\Illuminate\\Foundation\\Http\\Kernel.php(175): Illuminate\\Pipeline\\Pipeline->then(Object(Closure))
#48 D:\\FREELANCE\\backend\\backend-arusaka\\vendor\\laravel\\framework\\src\\Illuminate\\Foundation\\Http\\Kernel.php(144): Illuminate\\Foundation\\Http\\Kernel->sendRequestThroughRouter(Object(Illuminate\\Http\\Request))
#49 D:\\FREELANCE\\backend\\backend-arusaka\\public\\index.php(51): Illuminate\\Foundation\\Http\\Kernel->handle(Object(Illuminate\\Http\\Request))
#50 D:\\FREELANCE\\backend\\backend-arusaka\\vendor\\laravel\\framework\\src\\Illuminate\\Foundation\\resources\\server.php(16): require_once('D:\\\\FREELANCE\\\\ba...')
#51 {main}
"} 
[2023-08-06 10:12:01] local.ERROR: SQLSTATE[23000]: Integrity constraint violation: 1452 Cannot add or update a child row: a foreign key constraint fails (`backend_arusaka`.`courses`, CONSTRAINT `fk_courses_partners1` FOREIGN KEY (`partners_id`) REFERENCES `partners` (`id`) ON DELETE NO ACTION ON UPDATE NO ACTION) (Connection: mysql, SQL: insert into `courses` (`categories_id`, `description`, `image`, `name`, `partners_id`, `price`, `slug`, `status`) values (1, Hola madrisdistas en curso, https://res.cloudinary.com/dz2arrelg/image/upload/v1688614844/zr37m66qmmul2dfegq1r.png, Angklung Jawir, 1, 120000, angklung-jawir, ACTIVE), (1, Hola madrisdistas en curso, https://res.cloudinary.com/dz2arrelg/image/upload/v1688619757/ofcqqevxznez5wjo9u1k.png, Kecapi Jawir, 1, 120000, kecapi-jawir, ACTIVE)) {"exception":"[object] (Illuminate\\Database\\QueryException(code: 23000): SQLSTATE[23000]: Integrity constraint violation: 1452 Cannot add or update a child row: a foreign key constraint fails (`backend_arusaka`.`courses`, CONSTRAINT `fk_courses_partners1` FOREIGN KEY (`partners_id`) REFERENCES `partners` (`id`) ON DELETE NO ACTION ON UPDATE NO ACTION) (Connection: mysql, SQL: insert into `courses` (`categories_id`, `description`, `image`, `name`, `partners_id`, `price`, `slug`, `status`) values (1, Hola madrisdistas en curso, https://res.cloudinary.com/dz2arrelg/image/upload/v1688614844/zr37m66qmmul2dfegq1r.png, Angklung Jawir, 1, 120000, angklung-jawir, ACTIVE), (1, Hola madrisdistas en curso, https://res.cloudinary.com/dz2arrelg/image/upload/v1688619757/ofcqqevxznez5wjo9u1k.png, Kecapi Jawir, 1, 120000, kecapi-jawir, ACTIVE)) at D:\\FREELANCE\\backend\\backend-arusaka\\vendor\\laravel\\framework\\src\\Illuminate\\Database\\Connection.php:795)
[stacktrace]
#0 D:\\FREELANCE\\backend\\backend-arusaka\\vendor\\laravel\\framework\\src\\Illuminate\\Database\\Connection.php(755): Illuminate\\Database\\Connection->runQueryCallback('insert into `co...', Array, Object(Closure))
#1 D:\\FREELANCE\\backend\\backend-arusaka\\vendor\\laravel\\framework\\src\\Illuminate\\Database\\Connection.php(569): Illuminate\\Database\\Connection->run('insert into `co...', Array, Object(Closure))
#2 D:\\FREELANCE\\backend\\backend-arusaka\\vendor\\laravel\\framework\\src\\Illuminate\\Database\\Connection.php(533): Illuminate\\Database\\Connection->statement('insert into `co...', Array)
#3 D:\\FREELANCE\\backend\\backend-arusaka\\vendor\\laravel\\framework\\src\\Illuminate\\Database\\Query\\Builder.php(3332): Illuminate\\Database\\Connection->insert('insert into `co...', Array)
#4 D:\\FREELANCE\\backend\\backend-arusaka\\database\\seeders\\CoursesTableSeeder.php(22): Illuminate\\Database\\Query\\Builder->insert(Array)
#5 D:\\FREELANCE\\backend\\backend-arusaka\\vendor\\laravel\\framework\\src\\Illuminate\\Container\\BoundMethod.php(36): Database\\Seeders\\CoursesTableSeeder->run()
#6 D:\\FREELANCE\\backend\\backend-arusaka\\vendor\\laravel\\framework\\src\\Illuminate\\Container\\Util.php(41): Illuminate\\Container\\BoundMethod::Illuminate\\Container\\{closure}()
#7 D:\\FREELANCE\\backend\\backend-arusaka\\vendor\\laravel\\framework\\src\\Illuminate\\Container\\BoundMethod.php(93): Illuminate\\Container\\Util::unwrapIfClosure(Object(Closure))
#8 D:\\FREELANCE\\backend\\backend-arusaka\\vendor\\laravel\\framework\\src\\Illuminate\\Container\\BoundMethod.php(35): Illuminate\\Container\\BoundMethod::callBoundMethod(Object(Illuminate\\Foundation\\Application), Array, Object(Closure))
#9 D:\\FREELANCE\\backend\\backend-arusaka\\vendor\\laravel\\framework\\src\\Illuminate\\Container\\Container.php(662): Illuminate\\Container\\BoundMethod::call(Object(Illuminate\\Foundation\\Application), Array, Array, NULL)
#10 D:\\FREELANCE\\backend\\backend-arusaka\\vendor\\laravel\\framework\\src\\Illuminate\\Database\\Seeder.php(184): Illuminate\\Container\\Container->call(Array, Array)
#11 D:\\FREELANCE\\backend\\backend-arusaka\\vendor\\laravel\\framework\\src\\Illuminate\\Database\\Seeder.php(193): Illuminate\\Database\\Seeder->Illuminate\\Database\\{closure}()
#12 D:\\FREELANCE\\backend\\backend-arusaka\\vendor\\laravel\\framework\\src\\Illuminate\\Database\\Seeder.php(61): Illuminate\\Database\\Seeder->__invoke(Array)
#13 D:\\FREELANCE\\backend\\backend-arusaka\\database\\seeders\\DatabaseSeeder.php(23): Illuminate\\Database\\Seeder->call('Database\\\\Seeder...')
#14 D:\\FREELANCE\\backend\\backend-arusaka\\vendor\\laravel\\framework\\src\\Illuminate\\Container\\BoundMethod.php(36): Database\\Seeders\\DatabaseSeeder->run()
#15 D:\\FREELANCE\\backend\\backend-arusaka\\vendor\\laravel\\framework\\src\\Illuminate\\Container\\Util.php(41): Illuminate\\Container\\BoundMethod::Illuminate\\Container\\{closure}()
#16 D:\\FREELANCE\\backend\\backend-arusaka\\vendor\\laravel\\framework\\src\\Illuminate\\Container\\BoundMethod.php(93): Illuminate\\Container\\Util::unwrapIfClosure(Object(Closure))
#17 D:\\FREELANCE\\backend\\backend-arusaka\\vendor\\laravel\\framework\\src\\Illuminate\\Container\\BoundMethod.php(35): Illuminate\\Container\\BoundMethod::callBoundMethod(Object(Illuminate\\Foundation\\Application), Array, Object(Closure))
#18 D:\\FREELANCE\\backend\\backend-arusaka\\vendor\\laravel\\framework\\src\\Illuminate\\Container\\Container.php(662): Illuminate\\Container\\BoundMethod::call(Object(Illuminate\\Foundation\\Application), Array, Array, NULL)
#19 D:\\FREELANCE\\backend\\backend-arusaka\\vendor\\laravel\\framework\\src\\Illuminate\\Database\\Seeder.php(184): Illuminate\\Container\\Container->call(Array, Array)
#20 D:\\FREELANCE\\backend\\backend-arusaka\\vendor\\laravel\\framework\\src\\Illuminate\\Database\\Seeder.php(193): Illuminate\\Database\\Seeder->Illuminate\\Database\\{closure}()
#21 D:\\FREELANCE\\backend\\backend-arusaka\\vendor\\laravel\\framework\\src\\Illuminate\\Database\\Console\\Seeds\\SeedCommand.php(70): Illuminate\\Database\\Seeder->__invoke()
#22 D:\\FREELANCE\\backend\\backend-arusaka\\vendor\\laravel\\framework\\src\\Illuminate\\Database\\Eloquent\\Concerns\\GuardsAttributes.php(155): Illuminate\\Database\\Console\\Seeds\\SeedCommand->Illuminate\\Database\\Console\\Seeds\\{closure}()
#23 D:\\FREELANCE\\backend\\backend-arusaka\\vendor\\laravel\\framework\\src\\Illuminate\\Database\\Console\\Seeds\\SeedCommand.php(69): Illuminate\\Database\\Eloquent\\Model::unguarded(Object(Closure))
#24 D:\\FREELANCE\\backend\\backend-arusaka\\vendor\\laravel\\framework\\src\\Illuminate\\Container\\BoundMethod.php(36): Illuminate\\Database\\Console\\Seeds\\SeedCommand->handle()
#25 D:\\FREELANCE\\backend\\backend-arusaka\\vendor\\laravel\\framework\\src\\Illuminate\\Container\\Util.php(41): Illuminate\\Container\\BoundMethod::Illuminate\\Container\\{closure}()
#26 D:\\FREELANCE\\backend\\backend-arusaka\\vendor\\laravel\\framework\\src\\Illuminate\\Container\\BoundMethod.php(93): Illuminate\\Container\\Util::unwrapIfClosure(Object(Closure))
#27 D:\\FREELANCE\\backend\\backend-arusaka\\vendor\\laravel\\framework\\src\\Illuminate\\Container\\BoundMethod.php(35): Illuminate\\Container\\BoundMethod::callBoundMethod(Object(Illuminate\\Foundation\\Application), Array, Object(Closure))
#28 D:\\FREELANCE\\backend\\backend-arusaka\\vendor\\laravel\\framework\\src\\Illuminate\\Container\\Container.php(662): Illuminate\\Container\\BoundMethod::call(Object(Illuminate\\Foundation\\Application), Array, Array, NULL)
#29 D:\\FREELANCE\\backend\\backend-arusaka\\vendor\\laravel\\framework\\src\\Illuminate\\Console\\Command.php(208): Illuminate\\Container\\Container->call(Array)
#30 D:\\FREELANCE\\backend\\backend-arusaka\\vendor\\symfony\\console\\Command\\Command.php(326): Illuminate\\Console\\Command->execute(Object(Symfony\\Component\\Console\\Input\\ArrayInput), Object(Illuminate\\Console\\OutputStyle))
#31 D:\\FREELANCE\\backend\\backend-arusaka\\vendor\\laravel\\framework\\src\\Illuminate\\Console\\Command.php(177): Symfony\\Component\\Console\\Command\\Command->run(Object(Symfony\\Component\\Console\\Input\\ArrayInput), Object(Illuminate\\Console\\OutputStyle))
#32 D:\\FREELANCE\\backend\\backend-arusaka\\vendor\\laravel\\framework\\src\\Illuminate\\Console\\Concerns\\CallsCommands.php(67): Illuminate\\Console\\Command->run(Object(Symfony\\Component\\Console\\Input\\ArrayInput), Object(Illuminate\\Console\\OutputStyle))
#33 D:\\FREELANCE\\backend\\backend-arusaka\\vendor\\laravel\\framework\\src\\Illuminate\\Console\\Concerns\\CallsCommands.php(28): Illuminate\\Console\\Command->runCommand('db:seed', Array, Object(Illuminate\\Console\\OutputStyle))
#34 D:\\FREELANCE\\backend\\backend-arusaka\\vendor\\laravel\\framework\\src\\Illuminate\\Database\\Console\\Migrations\\FreshCommand.php(93): Illuminate\\Console\\Command->call('db:seed', Array)
#35 D:\\FREELANCE\\backend\\backend-arusaka\\vendor\\laravel\\framework\\src\\Illuminate\\Database\\Console\\Migrations\\FreshCommand.php(69): Illuminate\\Database\\Console\\Migrations\\FreshCommand->runSeeder(NULL)
#36 D:\\FREELANCE\\backend\\backend-arusaka\\vendor\\laravel\\framework\\src\\Illuminate\\Container\\BoundMethod.php(36): Illuminate\\Database\\Console\\Migrations\\FreshCommand->handle()
#37 D:\\FREELANCE\\backend\\backend-arusaka\\vendor\\laravel\\framework\\src\\Illuminate\\Container\\Util.php(41): Illuminate\\Container\\BoundMethod::Illuminate\\Container\\{closure}()
#38 D:\\FREELANCE\\backend\\backend-arusaka\\vendor\\laravel\\framework\\src\\Illuminate\\Container\\BoundMethod.php(93): Illuminate\\Container\\Util::unwrapIfClosure(Object(Closure))
#39 D:\\FREELANCE\\backend\\backend-arusaka\\vendor\\laravel\\framework\\src\\Illuminate\\Container\\BoundMethod.php(35): Illuminate\\Container\\BoundMethod::callBoundMethod(Object(Illuminate\\Foundation\\Application), Array, Object(Closure))
#40 D:\\FREELANCE\\backend\\backend-arusaka\\vendor\\laravel\\framework\\src\\Illuminate\\Container\\Container.php(662): Illuminate\\Container\\BoundMethod::call(Object(Illuminate\\Foundation\\Application), Array, Array, NULL)
#41 D:\\FREELANCE\\backend\\backend-arusaka\\vendor\\laravel\\framework\\src\\Illuminate\\Console\\Command.php(208): Illuminate\\Container\\Container->call(Array)
#42 D:\\FREELANCE\\backend\\backend-arusaka\\vendor\\symfony\\console\\Command\\Command.php(326): Illuminate\\Console\\Command->execute(Object(Symfony\\Component\\Console\\Input\\ArgvInput), Object(Illuminate\\Console\\OutputStyle))
#43 D:\\FREELANCE\\backend\\backend-arusaka\\vendor\\laravel\\framework\\src\\Illuminate\\Console\\Command.php(177): Symfony\\Component\\Console\\Command\\Command->run(Object(Symfony\\Component\\Console\\Input\\ArgvInput), Object(Illuminate\\Console\\OutputStyle))
#44 D:\\FREELANCE\\backend\\backend-arusaka\\vendor\\symfony\\console\\Application.php(1081): Illuminate\\Console\\Command->run(Object(Symfony\\Component\\Console\\Input\\ArgvInput), Object(Symfony\\Component\\Console\\Output\\ConsoleOutput))
#45 D:\\FREELANCE\\backend\\backend-arusaka\\vendor\\symfony\\console\\Application.php(320): Symfony\\Component\\Console\\Application->doRunCommand(Object(Illuminate\\Database\\Console\\Migrations\\FreshCommand), Object(Symfony\\Component\\Console\\Input\\ArgvInput), Object(Symfony\\Component\\Console\\Output\\ConsoleOutput))
#46 D:\\FREELANCE\\backend\\backend-arusaka\\vendor\\symfony\\console\\Application.php(174): Symfony\\Component\\Console\\Application->doRun(Object(Symfony\\Component\\Console\\Input\\ArgvInput), Object(Symfony\\Component\\Console\\Output\\ConsoleOutput))
#47 D:\\FREELANCE\\backend\\backend-arusaka\\vendor\\laravel\\framework\\src\\Illuminate\\Foundation\\Console\\Kernel.php(201): Symfony\\Component\\Console\\Application->run(Object(Symfony\\Component\\Console\\Input\\ArgvInput), Object(Symfony\\Component\\Console\\Output\\ConsoleOutput))
#48 D:\\FREELANCE\\backend\\backend-arusaka\\artisan(35): Illuminate\\Foundation\\Console\\Kernel->handle(Object(Symfony\\Component\\Console\\Input\\ArgvInput), Object(Symfony\\Component\\Console\\Output\\ConsoleOutput))
#49 {main}

[previous exception] [object] (PDOException(code: 23000): SQLSTATE[23000]: Integrity constraint violation: 1452 Cannot add or update a child row: a foreign key constraint fails (`backend_arusaka`.`courses`, CONSTRAINT `fk_courses_partners1` FOREIGN KEY (`partners_id`) REFERENCES `partners` (`id`) ON DELETE NO ACTION ON UPDATE NO ACTION) at D:\\FREELANCE\\backend\\backend-arusaka\\vendor\\laravel\\framework\\src\\Illuminate\\Database\\Connection.php:580)
[stacktrace]
#0 D:\\FREELANCE\\backend\\backend-arusaka\\vendor\\laravel\\framework\\src\\Illuminate\\Database\\Connection.php(580): PDOStatement->execute()
#1 D:\\FREELANCE\\backend\\backend-arusaka\\vendor\\laravel\\framework\\src\\Illuminate\\Database\\Connection.php(788): Illuminate\\Database\\Connection->Illuminate\\Database\\{closure}('insert into `co...', Array)
#2 D:\\FREELANCE\\backend\\backend-arusaka\\vendor\\laravel\\framework\\src\\Illuminate\\Database\\Connection.php(755): Illuminate\\Database\\Connection->runQueryCallback('insert into `co...', Array, Object(Closure))
#3 D:\\FREELANCE\\backend\\backend-arusaka\\vendor\\laravel\\framework\\src\\Illuminate\\Database\\Connection.php(569): Illuminate\\Database\\Connection->run('insert into `co...', Array, Object(Closure))
#4 D:\\FREELANCE\\backend\\backend-arusaka\\vendor\\laravel\\framework\\src\\Illuminate\\Database\\Connection.php(533): Illuminate\\Database\\Connection->statement('insert into `co...', Array)
#5 D:\\FREELANCE\\backend\\backend-arusaka\\vendor\\laravel\\framework\\src\\Illuminate\\Database\\Query\\Builder.php(3332): Illuminate\\Database\\Connection->insert('insert into `co...', Array)
#6 D:\\FREELANCE\\backend\\backend-arusaka\\database\\seeders\\CoursesTableSeeder.php(22): Illuminate\\Database\\Query\\Builder->insert(Array)
#7 D:\\FREELANCE\\backend\\backend-arusaka\\vendor\\laravel\\framework\\src\\Illuminate\\Container\\BoundMethod.php(36): Database\\Seeders\\CoursesTableSeeder->run()
#8 D:\\FREELANCE\\backend\\backend-arusaka\\vendor\\laravel\\framework\\src\\Illuminate\\Container\\Util.php(41): Illuminate\\Container\\BoundMethod::Illuminate\\Container\\{closure}()
#9 D:\\FREELANCE\\backend\\backend-arusaka\\vendor\\laravel\\framework\\src\\Illuminate\\Container\\BoundMethod.php(93): Illuminate\\Container\\Util::unwrapIfClosure(Object(Closure))
#10 D:\\FREELANCE\\backend\\backend-arusaka\\vendor\\laravel\\framework\\src\\Illuminate\\Container\\BoundMethod.php(35): Illuminate\\Container\\BoundMethod::callBoundMethod(Object(Illuminate\\Foundation\\Application), Array, Object(Closure))
#11 D:\\FREELANCE\\backend\\backend-arusaka\\vendor\\laravel\\framework\\src\\Illuminate\\Container\\Container.php(662): Illuminate\\Container\\BoundMethod::call(Object(Illuminate\\Foundation\\Application), Array, Array, NULL)
#12 D:\\FREELANCE\\backend\\backend-arusaka\\vendor\\laravel\\framework\\src\\Illuminate\\Database\\Seeder.php(184): Illuminate\\Container\\Container->call(Array, Array)
#13 D:\\FREELANCE\\backend\\backend-arusaka\\vendor\\laravel\\framework\\src\\Illuminate\\Database\\Seeder.php(193): Illuminate\\Database\\Seeder->Illuminate\\Database\\{closure}()
#14 D:\\FREELANCE\\backend\\backend-arusaka\\vendor\\laravel\\framework\\src\\Illuminate\\Database\\Seeder.php(61): Illuminate\\Database\\Seeder->__invoke(Array)
#15 D:\\FREELANCE\\backend\\backend-arusaka\\database\\seeders\\DatabaseSeeder.php(23): Illuminate\\Database\\Seeder->call('Database\\\\Seeder...')
#16 D:\\FREELANCE\\backend\\backend-arusaka\\vendor\\laravel\\framework\\src\\Illuminate\\Container\\BoundMethod.php(36): Database\\Seeders\\DatabaseSeeder->run()
#17 D:\\FREELANCE\\backend\\backend-arusaka\\vendor\\laravel\\framework\\src\\Illuminate\\Container\\Util.php(41): Illuminate\\Container\\BoundMethod::Illuminate\\Container\\{closure}()
#18 D:\\FREELANCE\\backend\\backend-arusaka\\vendor\\laravel\\framework\\src\\Illuminate\\Container\\BoundMethod.php(93): Illuminate\\Container\\Util::unwrapIfClosure(Object(Closure))
#19 D:\\FREELANCE\\backend\\backend-arusaka\\vendor\\laravel\\framework\\src\\Illuminate\\Container\\BoundMethod.php(35): Illuminate\\Container\\BoundMethod::callBoundMethod(Object(Illuminate\\Foundation\\Application), Array, Object(Closure))
#20 D:\\FREELANCE\\backend\\backend-arusaka\\vendor\\laravel\\framework\\src\\Illuminate\\Container\\Container.php(662): Illuminate\\Container\\BoundMethod::call(Object(Illuminate\\Foundation\\Application), Array, Array, NULL)
#21 D:\\FREELANCE\\backend\\backend-arusaka\\vendor\\laravel\\framework\\src\\Illuminate\\Database\\Seeder.php(184): Illuminate\\Container\\Container->call(Array, Array)
#22 D:\\FREELANCE\\backend\\backend-arusaka\\vendor\\laravel\\framework\\src\\Illuminate\\Database\\Seeder.php(193): Illuminate\\Database\\Seeder->Illuminate\\Database\\{closure}()
#23 D:\\FREELANCE\\backend\\backend-arusaka\\vendor\\laravel\\framework\\src\\Illuminate\\Database\\Console\\Seeds\\SeedCommand.php(70): Illuminate\\Database\\Seeder->__invoke()
#24 D:\\FREELANCE\\backend\\backend-arusaka\\vendor\\laravel\\framework\\src\\Illuminate\\Database\\Eloquent\\Concerns\\GuardsAttributes.php(155): Illuminate\\Database\\Console\\Seeds\\SeedCommand->Illuminate\\Database\\Console\\Seeds\\{closure}()
#25 D:\\FREELANCE\\backend\\backend-arusaka\\vendor\\laravel\\framework\\src\\Illuminate\\Database\\Console\\Seeds\\SeedCommand.php(69): Illuminate\\Database\\Eloquent\\Model::unguarded(Object(Closure))
#26 D:\\FREELANCE\\backend\\backend-arusaka\\vendor\\laravel\\framework\\src\\Illuminate\\Container\\BoundMethod.php(36): Illuminate\\Database\\Console\\Seeds\\SeedCommand->handle()
#27 D:\\FREELANCE\\backend\\backend-arusaka\\vendor\\laravel\\framework\\src\\Illuminate\\Container\\Util.php(41): Illuminate\\Container\\BoundMethod::Illuminate\\Container\\{closure}()
#28 D:\\FREELANCE\\backend\\backend-arusaka\\vendor\\laravel\\framework\\src\\Illuminate\\Container\\BoundMethod.php(93): Illuminate\\Container\\Util::unwrapIfClosure(Object(Closure))
#29 D:\\FREELANCE\\backend\\backend-arusaka\\vendor\\laravel\\framework\\src\\Illuminate\\Container\\BoundMethod.php(35): Illuminate\\Container\\BoundMethod::callBoundMethod(Object(Illuminate\\Foundation\\Application), Array, Object(Closure))
#30 D:\\FREELANCE\\backend\\backend-arusaka\\vendor\\laravel\\framework\\src\\Illuminate\\Container\\Container.php(662): Illuminate\\Container\\BoundMethod::call(Object(Illuminate\\Foundation\\Application), Array, Array, NULL)
#31 D:\\FREELANCE\\backend\\backend-arusaka\\vendor\\laravel\\framework\\src\\Illuminate\\Console\\Command.php(208): Illuminate\\Container\\Container->call(Array)
#32 D:\\FREELANCE\\backend\\backend-arusaka\\vendor\\symfony\\console\\Command\\Command.php(326): Illuminate\\Console\\Command->execute(Object(Symfony\\Component\\Console\\Input\\ArrayInput), Object(Illuminate\\Console\\OutputStyle))
#33 D:\\FREELANCE\\backend\\backend-arusaka\\vendor\\laravel\\framework\\src\\Illuminate\\Console\\Command.php(177): Symfony\\Component\\Console\\Command\\Command->run(Object(Symfony\\Component\\Console\\Input\\ArrayInput), Object(Illuminate\\Console\\OutputStyle))
#34 D:\\FREELANCE\\backend\\backend-arusaka\\vendor\\laravel\\framework\\src\\Illuminate\\Console\\Concerns\\CallsCommands.php(67): Illuminate\\Console\\Command->run(Object(Symfony\\Component\\Console\\Input\\ArrayInput), Object(Illuminate\\Console\\OutputStyle))
#35 D:\\FREELANCE\\backend\\backend-arusaka\\vendor\\laravel\\framework\\src\\Illuminate\\Console\\Concerns\\CallsCommands.php(28): Illuminate\\Console\\Command->runCommand('db:seed', Array, Object(Illuminate\\Console\\OutputStyle))
#36 D:\\FREELANCE\\backend\\backend-arusaka\\vendor\\laravel\\framework\\src\\Illuminate\\Database\\Console\\Migrations\\FreshCommand.php(93): Illuminate\\Console\\Command->call('db:seed', Array)
#37 D:\\FREELANCE\\backend\\backend-arusaka\\vendor\\laravel\\framework\\src\\Illuminate\\Database\\Console\\Migrations\\FreshCommand.php(69): Illuminate\\Database\\Console\\Migrations\\FreshCommand->runSeeder(NULL)
#38 D:\\FREELANCE\\backend\\backend-arusaka\\vendor\\laravel\\framework\\src\\Illuminate\\Container\\BoundMethod.php(36): Illuminate\\Database\\Console\\Migrations\\FreshCommand->handle()
#39 D:\\FREELANCE\\backend\\backend-arusaka\\vendor\\laravel\\framework\\src\\Illuminate\\Container\\Util.php(41): Illuminate\\Container\\BoundMethod::Illuminate\\Container\\{closure}()
#40 D:\\FREELANCE\\backend\\backend-arusaka\\vendor\\laravel\\framework\\src\\Illuminate\\Container\\BoundMethod.php(93): Illuminate\\Container\\Util::unwrapIfClosure(Object(Closure))
#41 D:\\FREELANCE\\backend\\backend-arusaka\\vendor\\laravel\\framework\\src\\Illuminate\\Container\\BoundMethod.php(35): Illuminate\\Container\\BoundMethod::callBoundMethod(Object(Illuminate\\Foundation\\Application), Array, Object(Closure))
#42 D:\\FREELANCE\\backend\\backend-arusaka\\vendor\\laravel\\framework\\src\\Illuminate\\Container\\Container.php(662): Illuminate\\Container\\BoundMethod::call(Object(Illuminate\\Foundation\\Application), Array, Array, NULL)
#43 D:\\FREELANCE\\backend\\backend-arusaka\\vendor\\laravel\\framework\\src\\Illuminate\\Console\\Command.php(208): Illuminate\\Container\\Container->call(Array)
#44 D:\\FREELANCE\\backend\\backend-arusaka\\vendor\\symfony\\console\\Command\\Command.php(326): Illuminate\\Console\\Command->execute(Object(Symfony\\Component\\Console\\Input\\ArgvInput), Object(Illuminate\\Console\\OutputStyle))
#45 D:\\FREELANCE\\backend\\backend-arusaka\\vendor\\laravel\\framework\\src\\Illuminate\\Console\\Command.php(177): Symfony\\Component\\Console\\Command\\Command->run(Object(Symfony\\Component\\Console\\Input\\ArgvInput), Object(Illuminate\\Console\\OutputStyle))
#46 D:\\FREELANCE\\backend\\backend-arusaka\\vendor\\symfony\\console\\Application.php(1081): Illuminate\\Console\\Command->run(Object(Symfony\\Component\\Console\\Input\\ArgvInput), Object(Symfony\\Component\\Console\\Output\\ConsoleOutput))
#47 D:\\FREELANCE\\backend\\backend-arusaka\\vendor\\symfony\\console\\Application.php(320): Symfony\\Component\\Console\\Application->doRunCommand(Object(Illuminate\\Database\\Console\\Migrations\\FreshCommand), Object(Symfony\\Component\\Console\\Input\\ArgvInput), Object(Symfony\\Component\\Console\\Output\\ConsoleOutput))
#48 D:\\FREELANCE\\backend\\backend-arusaka\\vendor\\symfony\\console\\Application.php(174): Symfony\\Component\\Console\\Application->doRun(Object(Symfony\\Component\\Console\\Input\\ArgvInput), Object(Symfony\\Component\\Console\\Output\\ConsoleOutput))
#49 D:\\FREELANCE\\backend\\backend-arusaka\\vendor\\laravel\\framework\\src\\Illuminate\\Foundation\\Console\\Kernel.php(201): Symfony\\Component\\Console\\Application->run(Object(Symfony\\Component\\Console\\Input\\ArgvInput), Object(Symfony\\Component\\Console\\Output\\ConsoleOutput))
#50 D:\\FREELANCE\\backend\\backend-arusaka\\artisan(35): Illuminate\\Foundation\\Console\\Kernel->handle(Object(Symfony\\Component\\Console\\Input\\ArgvInput), Object(Symfony\\Component\\Console\\Output\\ConsoleOutput))
#51 {main}
"} 
[2023-08-06 13:28:57] local.ERROR: SQLSTATE[HY000]: General error: 1364 Field 'categories_id' doesn't have a default value (Connection: mysql, SQL: insert into `courses` (`description`, `image`, `name`, `price`, `slug`, `status`) values (Belajar mengenai sejarah dan teknik dasar bermain alat musik gambus, alat musik khas daerah Aceh., https://res.cloudinary.com/dz2arrelg/image/upload/v1691328239/gambus_tmxepc.jpg, Pengenalan Alat Musik Gambus, 99.99, pengenalan-alat-musik-gambus, published), (Panduan lengkap belajar memainkan suling Sunda, alat musik tradisional dari Jawa Barat., https://res.cloudinary.com/dz2arrelg/image/upload/v1691328240/suling-bambu_qtywsg.jpg, Tutorial Suling Sunda, 149.99, tutorial-suling-sunda, published), (Pelajaran dasar dalam seni musik Karawitan Jawa, termasuk teori dan praktik memainkan alat musik tradisional Jawa., https://res.cloudinary.com/dz2arrelg/image/upload/v1691328239/karawitan-jawa_i0cwpz.jpg, Materi Dasar Karawitan Jawa, 79.99, materi-dasar-karawitan-jawa, published), (Belajar memainkan angklung, alat musik khas Bali yang unik dan menarik., https://res.cloudinary.com/dz2arrelg/image/upload/v1691328239/bali-angklung_lkq3nr.jpg, Tutorial Angklung Bali, 129.99, tutorial-angklung-bali, published), (Pengenalan alat musik kecapi yang berasal dari Minangkabau, Sumatera Barat., https://res.cloudinary.com/dz2arrelg/image/upload/v1691328239/Kacapi-minangkabau_lahj0g.jpg, Pengenalan Kecapi Minangkabau, 89.99, pengenalan-kecapi-minangkabau, published), (Panduan belajar memainkan rebana, alat musik tradisional khas Betawi., https://res.cloudinary.com/dz2arrelg/image/upload/v1691328240/rebana-betawi_gjchn4.jpg, Tutorial Rebana Betawi, 109.99, tutorial-rebana-betawi, published), (Materi dasar bermain gendang Melayu, alat musik yang populer di daerah Riau dan Kepulauan Riau., https://res.cloudinary.com/dz2arrelg/image/upload/v1691328239/gendang-melayu_gjocrx.jpg, Materi Dasar Gendang Melayu, 79.99, materi-dasar-gendang-melayu, published), (Belajar memainkan seruling Batak, alat musik tradisional dari Sumatera Utara., https://res.cloudinary.com/dz2arrelg/image/upload/v1691328240/seruling-batak_zkssfl.jpg, Pengenalan Seruling Batak, 119.99, pengenalan-seruling-batak, published), (Panduan lengkap memainkan kolintang, alat musik tradisional suku Minahasa di Sulawesi Utara., https://res.cloudinary.com/dz2arrelg/image/upload/v1691328239/kolintang-sulawesi_gpnov9.jpg, Tutorial Kolintang Sulawesi, 139.99, tutorial-kolintang-sulawesi, published), (Materi dasar bermain talempong, alat musik tradisional Minangkabau dari Sumatera Barat., https://res.cloudinary.com/dz2arrelg/image/upload/v1691328240/telempong_vowwwf.jpg, Materi Dasar Talempong Sumatera, 89.99, materi-dasar-talempong-sumatera, published)) {"exception":"[object] (Illuminate\\Database\\QueryException(code: HY000): SQLSTATE[HY000]: General error: 1364 Field 'categories_id' doesn't have a default value (Connection: mysql, SQL: insert into `courses` (`description`, `image`, `name`, `price`, `slug`, `status`) values (Belajar mengenai sejarah dan teknik dasar bermain alat musik gambus, alat musik khas daerah Aceh., https://res.cloudinary.com/dz2arrelg/image/upload/v1691328239/gambus_tmxepc.jpg, Pengenalan Alat Musik Gambus, 99.99, pengenalan-alat-musik-gambus, published), (Panduan lengkap belajar memainkan suling Sunda, alat musik tradisional dari Jawa Barat., https://res.cloudinary.com/dz2arrelg/image/upload/v1691328240/suling-bambu_qtywsg.jpg, Tutorial Suling Sunda, 149.99, tutorial-suling-sunda, published), (Pelajaran dasar dalam seni musik Karawitan Jawa, termasuk teori dan praktik memainkan alat musik tradisional Jawa., https://res.cloudinary.com/dz2arrelg/image/upload/v1691328239/karawitan-jawa_i0cwpz.jpg, Materi Dasar Karawitan Jawa, 79.99, materi-dasar-karawitan-jawa, published), (Belajar memainkan angklung, alat musik khas Bali yang unik dan menarik., https://res.cloudinary.com/dz2arrelg/image/upload/v1691328239/bali-angklung_lkq3nr.jpg, Tutorial Angklung Bali, 129.99, tutorial-angklung-bali, published), (Pengenalan alat musik kecapi yang berasal dari Minangkabau, Sumatera Barat., https://res.cloudinary.com/dz2arrelg/image/upload/v1691328239/Kacapi-minangkabau_lahj0g.jpg, Pengenalan Kecapi Minangkabau, 89.99, pengenalan-kecapi-minangkabau, published), (Panduan belajar memainkan rebana, alat musik tradisional khas Betawi., https://res.cloudinary.com/dz2arrelg/image/upload/v1691328240/rebana-betawi_gjchn4.jpg, Tutorial Rebana Betawi, 109.99, tutorial-rebana-betawi, published), (Materi dasar bermain gendang Melayu, alat musik yang populer di daerah Riau dan Kepulauan Riau., https://res.cloudinary.com/dz2arrelg/image/upload/v1691328239/gendang-melayu_gjocrx.jpg, Materi Dasar Gendang Melayu, 79.99, materi-dasar-gendang-melayu, published), (Belajar memainkan seruling Batak, alat musik tradisional dari Sumatera Utara., https://res.cloudinary.com/dz2arrelg/image/upload/v1691328240/seruling-batak_zkssfl.jpg, Pengenalan Seruling Batak, 119.99, pengenalan-seruling-batak, published), (Panduan lengkap memainkan kolintang, alat musik tradisional suku Minahasa di Sulawesi Utara., https://res.cloudinary.com/dz2arrelg/image/upload/v1691328239/kolintang-sulawesi_gpnov9.jpg, Tutorial Kolintang Sulawesi, 139.99, tutorial-kolintang-sulawesi, published), (Materi dasar bermain talempong, alat musik tradisional Minangkabau dari Sumatera Barat., https://res.cloudinary.com/dz2arrelg/image/upload/v1691328240/telempong_vowwwf.jpg, Materi Dasar Talempong Sumatera, 89.99, materi-dasar-talempong-sumatera, published)) at D:\\FREELANCE\\backend\\backend-arusaka\\vendor\\laravel\\framework\\src\\Illuminate\\Database\\Connection.php:795)
[stacktrace]
#0 D:\\FREELANCE\\backend\\backend-arusaka\\vendor\\laravel\\framework\\src\\Illuminate\\Database\\Connection.php(755): Illuminate\\Database\\Connection->runQueryCallback('insert into `co...', Array, Object(Closure))
#1 D:\\FREELANCE\\backend\\backend-arusaka\\vendor\\laravel\\framework\\src\\Illuminate\\Database\\Connection.php(569): Illuminate\\Database\\Connection->run('insert into `co...', Array, Object(Closure))
#2 D:\\FREELANCE\\backend\\backend-arusaka\\vendor\\laravel\\framework\\src\\Illuminate\\Database\\Connection.php(533): Illuminate\\Database\\Connection->statement('insert into `co...', Array)
#3 D:\\FREELANCE\\backend\\backend-arusaka\\vendor\\laravel\\framework\\src\\Illuminate\\Database\\Query\\Builder.php(3332): Illuminate\\Database\\Connection->insert('insert into `co...', Array)
#4 D:\\FREELANCE\\backend\\backend-arusaka\\database\\seeders\\CoursesTableSeeder.php(21): Illuminate\\Database\\Query\\Builder->insert(Array)
#5 D:\\FREELANCE\\backend\\backend-arusaka\\vendor\\laravel\\framework\\src\\Illuminate\\Container\\BoundMethod.php(36): Database\\Seeders\\CoursesTableSeeder->run()
#6 D:\\FREELANCE\\backend\\backend-arusaka\\vendor\\laravel\\framework\\src\\Illuminate\\Container\\Util.php(41): Illuminate\\Container\\BoundMethod::Illuminate\\Container\\{closure}()
#7 D:\\FREELANCE\\backend\\backend-arusaka\\vendor\\laravel\\framework\\src\\Illuminate\\Container\\BoundMethod.php(93): Illuminate\\Container\\Util::unwrapIfClosure(Object(Closure))
#8 D:\\FREELANCE\\backend\\backend-arusaka\\vendor\\laravel\\framework\\src\\Illuminate\\Container\\BoundMethod.php(35): Illuminate\\Container\\BoundMethod::callBoundMethod(Object(Illuminate\\Foundation\\Application), Array, Object(Closure))
#9 D:\\FREELANCE\\backend\\backend-arusaka\\vendor\\laravel\\framework\\src\\Illuminate\\Container\\Container.php(662): Illuminate\\Container\\BoundMethod::call(Object(Illuminate\\Foundation\\Application), Array, Array, NULL)
#10 D:\\FREELANCE\\backend\\backend-arusaka\\vendor\\laravel\\framework\\src\\Illuminate\\Database\\Seeder.php(184): Illuminate\\Container\\Container->call(Array, Array)
#11 D:\\FREELANCE\\backend\\backend-arusaka\\vendor\\laravel\\framework\\src\\Illuminate\\Database\\Seeder.php(193): Illuminate\\Database\\Seeder->Illuminate\\Database\\{closure}()
#12 D:\\FREELANCE\\backend\\backend-arusaka\\vendor\\laravel\\framework\\src\\Illuminate\\Database\\Seeder.php(61): Illuminate\\Database\\Seeder->__invoke(Array)
#13 D:\\FREELANCE\\backend\\backend-arusaka\\database\\seeders\\DatabaseSeeder.php(23): Illuminate\\Database\\Seeder->call('Database\\\\Seeder...')
#14 D:\\FREELANCE\\backend\\backend-arusaka\\vendor\\laravel\\framework\\src\\Illuminate\\Container\\BoundMethod.php(36): Database\\Seeders\\DatabaseSeeder->run()
#15 D:\\FREELANCE\\backend\\backend-arusaka\\vendor\\laravel\\framework\\src\\Illuminate\\Container\\Util.php(41): Illuminate\\Container\\BoundMethod::Illuminate\\Container\\{closure}()
#16 D:\\FREELANCE\\backend\\backend-arusaka\\vendor\\laravel\\framework\\src\\Illuminate\\Container\\BoundMethod.php(93): Illuminate\\Container\\Util::unwrapIfClosure(Object(Closure))
#17 D:\\FREELANCE\\backend\\backend-arusaka\\vendor\\laravel\\framework\\src\\Illuminate\\Container\\BoundMethod.php(35): Illuminate\\Container\\BoundMethod::callBoundMethod(Object(Illuminate\\Foundation\\Application), Array, Object(Closure))
#18 D:\\FREELANCE\\backend\\backend-arusaka\\vendor\\laravel\\framework\\src\\Illuminate\\Container\\Container.php(662): Illuminate\\Container\\BoundMethod::call(Object(Illuminate\\Foundation\\Application), Array, Array, NULL)
#19 D:\\FREELANCE\\backend\\backend-arusaka\\vendor\\laravel\\framework\\src\\Illuminate\\Database\\Seeder.php(184): Illuminate\\Container\\Container->call(Array, Array)
#20 D:\\FREELANCE\\backend\\backend-arusaka\\vendor\\laravel\\framework\\src\\Illuminate\\Database\\Seeder.php(193): Illuminate\\Database\\Seeder->Illuminate\\Database\\{closure}()
#21 D:\\FREELANCE\\backend\\backend-arusaka\\vendor\\laravel\\framework\\src\\Illuminate\\Database\\Console\\Seeds\\SeedCommand.php(70): Illuminate\\Database\\Seeder->__invoke()
#22 D:\\FREELANCE\\backend\\backend-arusaka\\vendor\\laravel\\framework\\src\\Illuminate\\Database\\Eloquent\\Concerns\\GuardsAttributes.php(155): Illuminate\\Database\\Console\\Seeds\\SeedCommand->Illuminate\\Database\\Console\\Seeds\\{closure}()
#23 D:\\FREELANCE\\backend\\backend-arusaka\\vendor\\laravel\\framework\\src\\Illuminate\\Database\\Console\\Seeds\\SeedCommand.php(69): Illuminate\\Database\\Eloquent\\Model::unguarded(Object(Closure))
#24 D:\\FREELANCE\\backend\\backend-arusaka\\vendor\\laravel\\framework\\src\\Illuminate\\Container\\BoundMethod.php(36): Illuminate\\Database\\Console\\Seeds\\SeedCommand->handle()
#25 D:\\FREELANCE\\backend\\backend-arusaka\\vendor\\laravel\\framework\\src\\Illuminate\\Container\\Util.php(41): Illuminate\\Container\\BoundMethod::Illuminate\\Container\\{closure}()
#26 D:\\FREELANCE\\backend\\backend-arusaka\\vendor\\laravel\\framework\\src\\Illuminate\\Container\\BoundMethod.php(93): Illuminate\\Container\\Util::unwrapIfClosure(Object(Closure))
#27 D:\\FREELANCE\\backend\\backend-arusaka\\vendor\\laravel\\framework\\src\\Illuminate\\Container\\BoundMethod.php(35): Illuminate\\Container\\BoundMethod::callBoundMethod(Object(Illuminate\\Foundation\\Application), Array, Object(Closure))
#28 D:\\FREELANCE\\backend\\backend-arusaka\\vendor\\laravel\\framework\\src\\Illuminate\\Container\\Container.php(662): Illuminate\\Container\\BoundMethod::call(Object(Illuminate\\Foundation\\Application), Array, Array, NULL)
#29 D:\\FREELANCE\\backend\\backend-arusaka\\vendor\\laravel\\framework\\src\\Illuminate\\Console\\Command.php(208): Illuminate\\Container\\Container->call(Array)
#30 D:\\FREELANCE\\backend\\backend-arusaka\\vendor\\symfony\\console\\Command\\Command.php(326): Illuminate\\Console\\Command->execute(Object(Symfony\\Component\\Console\\Input\\ArrayInput), Object(Illuminate\\Console\\OutputStyle))
#31 D:\\FREELANCE\\backend\\backend-arusaka\\vendor\\laravel\\framework\\src\\Illuminate\\Console\\Command.php(177): Symfony\\Component\\Console\\Command\\Command->run(Object(Symfony\\Component\\Console\\Input\\ArrayInput), Object(Illuminate\\Console\\OutputStyle))
#32 D:\\FREELANCE\\backend\\backend-arusaka\\vendor\\laravel\\framework\\src\\Illuminate\\Console\\Concerns\\CallsCommands.php(67): Illuminate\\Console\\Command->run(Object(Symfony\\Component\\Console\\Input\\ArrayInput), Object(Illuminate\\Console\\OutputStyle))
#33 D:\\FREELANCE\\backend\\backend-arusaka\\vendor\\laravel\\framework\\src\\Illuminate\\Console\\Concerns\\CallsCommands.php(28): Illuminate\\Console\\Command->runCommand('db:seed', Array, Object(Illuminate\\Console\\OutputStyle))
#34 D:\\FREELANCE\\backend\\backend-arusaka\\vendor\\laravel\\framework\\src\\Illuminate\\Database\\Console\\Migrations\\FreshCommand.php(93): Illuminate\\Console\\Command->call('db:seed', Array)
#35 D:\\FREELANCE\\backend\\backend-arusaka\\vendor\\laravel\\framework\\src\\Illuminate\\Database\\Console\\Migrations\\FreshCommand.php(69): Illuminate\\Database\\Console\\Migrations\\FreshCommand->runSeeder(NULL)
#36 D:\\FREELANCE\\backend\\backend-arusaka\\vendor\\laravel\\framework\\src\\Illuminate\\Container\\BoundMethod.php(36): Illuminate\\Database\\Console\\Migrations\\FreshCommand->handle()
#37 D:\\FREELANCE\\backend\\backend-arusaka\\vendor\\laravel\\framework\\src\\Illuminate\\Container\\Util.php(41): Illuminate\\Container\\BoundMethod::Illuminate\\Container\\{closure}()
#38 D:\\FREELANCE\\backend\\backend-arusaka\\vendor\\laravel\\framework\\src\\Illuminate\\Container\\BoundMethod.php(93): Illuminate\\Container\\Util::unwrapIfClosure(Object(Closure))
#39 D:\\FREELANCE\\backend\\backend-arusaka\\vendor\\laravel\\framework\\src\\Illuminate\\Container\\BoundMethod.php(35): Illuminate\\Container\\BoundMethod::callBoundMethod(Object(Illuminate\\Foundation\\Application), Array, Object(Closure))
#40 D:\\FREELANCE\\backend\\backend-arusaka\\vendor\\laravel\\framework\\src\\Illuminate\\Container\\Container.php(662): Illuminate\\Container\\BoundMethod::call(Object(Illuminate\\Foundation\\Application), Array, Array, NULL)
#41 D:\\FREELANCE\\backend\\backend-arusaka\\vendor\\laravel\\framework\\src\\Illuminate\\Console\\Command.php(208): Illuminate\\Container\\Container->call(Array)
#42 D:\\FREELANCE\\backend\\backend-arusaka\\vendor\\symfony\\console\\Command\\Command.php(326): Illuminate\\Console\\Command->execute(Object(Symfony\\Component\\Console\\Input\\ArgvInput), Object(Illuminate\\Console\\OutputStyle))
#43 D:\\FREELANCE\\backend\\backend-arusaka\\vendor\\laravel\\framework\\src\\Illuminate\\Console\\Command.php(177): Symfony\\Component\\Console\\Command\\Command->run(Object(Symfony\\Component\\Console\\Input\\ArgvInput), Object(Illuminate\\Console\\OutputStyle))
#44 D:\\FREELANCE\\backend\\backend-arusaka\\vendor\\symfony\\console\\Application.php(1081): Illuminate\\Console\\Command->run(Object(Symfony\\Component\\Console\\Input\\ArgvInput), Object(Symfony\\Component\\Console\\Output\\ConsoleOutput))
#45 D:\\FREELANCE\\backend\\backend-arusaka\\vendor\\symfony\\console\\Application.php(320): Symfony\\Component\\Console\\Application->doRunCommand(Object(Illuminate\\Database\\Console\\Migrations\\FreshCommand), Object(Symfony\\Component\\Console\\Input\\ArgvInput), Object(Symfony\\Component\\Console\\Output\\ConsoleOutput))
#46 D:\\FREELANCE\\backend\\backend-arusaka\\vendor\\symfony\\console\\Application.php(174): Symfony\\Component\\Console\\Application->doRun(Object(Symfony\\Component\\Console\\Input\\ArgvInput), Object(Symfony\\Component\\Console\\Output\\ConsoleOutput))
#47 D:\\FREELANCE\\backend\\backend-arusaka\\vendor\\laravel\\framework\\src\\Illuminate\\Foundation\\Console\\Kernel.php(201): Symfony\\Component\\Console\\Application->run(Object(Symfony\\Component\\Console\\Input\\ArgvInput), Object(Symfony\\Component\\Console\\Output\\ConsoleOutput))
#48 D:\\FREELANCE\\backend\\backend-arusaka\\artisan(35): Illuminate\\Foundation\\Console\\Kernel->handle(Object(Symfony\\Component\\Console\\Input\\ArgvInput), Object(Symfony\\Component\\Console\\Output\\ConsoleOutput))
#49 {main}

[previous exception] [object] (PDOException(code: HY000): SQLSTATE[HY000]: General error: 1364 Field 'categories_id' doesn't have a default value at D:\\FREELANCE\\backend\\backend-arusaka\\vendor\\laravel\\framework\\src\\Illuminate\\Database\\Connection.php:580)
[stacktrace]
#0 D:\\FREELANCE\\backend\\backend-arusaka\\vendor\\laravel\\framework\\src\\Illuminate\\Database\\Connection.php(580): PDOStatement->execute()
#1 D:\\FREELANCE\\backend\\backend-arusaka\\vendor\\laravel\\framework\\src\\Illuminate\\Database\\Connection.php(788): Illuminate\\Database\\Connection->Illuminate\\Database\\{closure}('insert into `co...', Array)
#2 D:\\FREELANCE\\backend\\backend-arusaka\\vendor\\laravel\\framework\\src\\Illuminate\\Database\\Connection.php(755): Illuminate\\Database\\Connection->runQueryCallback('insert into `co...', Array, Object(Closure))
#3 D:\\FREELANCE\\backend\\backend-arusaka\\vendor\\laravel\\framework\\src\\Illuminate\\Database\\Connection.php(569): Illuminate\\Database\\Connection->run('insert into `co...', Array, Object(Closure))
#4 D:\\FREELANCE\\backend\\backend-arusaka\\vendor\\laravel\\framework\\src\\Illuminate\\Database\\Connection.php(533): Illuminate\\Database\\Connection->statement('insert into `co...', Array)
#5 D:\\FREELANCE\\backend\\backend-arusaka\\vendor\\laravel\\framework\\src\\Illuminate\\Database\\Query\\Builder.php(3332): Illuminate\\Database\\Connection->insert('insert into `co...', Array)
#6 D:\\FREELANCE\\backend\\backend-arusaka\\database\\seeders\\CoursesTableSeeder.php(21): Illuminate\\Database\\Query\\Builder->insert(Array)
#7 D:\\FREELANCE\\backend\\backend-arusaka\\vendor\\laravel\\framework\\src\\Illuminate\\Container\\BoundMethod.php(36): Database\\Seeders\\CoursesTableSeeder->run()
#8 D:\\FREELANCE\\backend\\backend-arusaka\\vendor\\laravel\\framework\\src\\Illuminate\\Container\\Util.php(41): Illuminate\\Container\\BoundMethod::Illuminate\\Container\\{closure}()
#9 D:\\FREELANCE\\backend\\backend-arusaka\\vendor\\laravel\\framework\\src\\Illuminate\\Container\\BoundMethod.php(93): Illuminate\\Container\\Util::unwrapIfClosure(Object(Closure))
#10 D:\\FREELANCE\\backend\\backend-arusaka\\vendor\\laravel\\framework\\src\\Illuminate\\Container\\BoundMethod.php(35): Illuminate\\Container\\BoundMethod::callBoundMethod(Object(Illuminate\\Foundation\\Application), Array, Object(Closure))
#11 D:\\FREELANCE\\backend\\backend-arusaka\\vendor\\laravel\\framework\\src\\Illuminate\\Container\\Container.php(662): Illuminate\\Container\\BoundMethod::call(Object(Illuminate\\Foundation\\Application), Array, Array, NULL)
#12 D:\\FREELANCE\\backend\\backend-arusaka\\vendor\\laravel\\framework\\src\\Illuminate\\Database\\Seeder.php(184): Illuminate\\Container\\Container->call(Array, Array)
#13 D:\\FREELANCE\\backend\\backend-arusaka\\vendor\\laravel\\framework\\src\\Illuminate\\Database\\Seeder.php(193): Illuminate\\Database\\Seeder->Illuminate\\Database\\{closure}()
#14 D:\\FREELANCE\\backend\\backend-arusaka\\vendor\\laravel\\framework\\src\\Illuminate\\Database\\Seeder.php(61): Illuminate\\Database\\Seeder->__invoke(Array)
#15 D:\\FREELANCE\\backend\\backend-arusaka\\database\\seeders\\DatabaseSeeder.php(23): Illuminate\\Database\\Seeder->call('Database\\\\Seeder...')
#16 D:\\FREELANCE\\backend\\backend-arusaka\\vendor\\laravel\\framework\\src\\Illuminate\\Container\\BoundMethod.php(36): Database\\Seeders\\DatabaseSeeder->run()
#17 D:\\FREELANCE\\backend\\backend-arusaka\\vendor\\laravel\\framework\\src\\Illuminate\\Container\\Util.php(41): Illuminate\\Container\\BoundMethod::Illuminate\\Container\\{closure}()
#18 D:\\FREELANCE\\backend\\backend-arusaka\\vendor\\laravel\\framework\\src\\Illuminate\\Container\\BoundMethod.php(93): Illuminate\\Container\\Util::unwrapIfClosure(Object(Closure))
#19 D:\\FREELANCE\\backend\\backend-arusaka\\vendor\\laravel\\framework\\src\\Illuminate\\Container\\BoundMethod.php(35): Illuminate\\Container\\BoundMethod::callBoundMethod(Object(Illuminate\\Foundation\\Application), Array, Object(Closure))
#20 D:\\FREELANCE\\backend\\backend-arusaka\\vendor\\laravel\\framework\\src\\Illuminate\\Container\\Container.php(662): Illuminate\\Container\\BoundMethod::call(Object(Illuminate\\Foundation\\Application), Array, Array, NULL)
#21 D:\\FREELANCE\\backend\\backend-arusaka\\vendor\\laravel\\framework\\src\\Illuminate\\Database\\Seeder.php(184): Illuminate\\Container\\Container->call(Array, Array)
#22 D:\\FREELANCE\\backend\\backend-arusaka\\vendor\\laravel\\framework\\src\\Illuminate\\Database\\Seeder.php(193): Illuminate\\Database\\Seeder->Illuminate\\Database\\{closure}()
#23 D:\\FREELANCE\\backend\\backend-arusaka\\vendor\\laravel\\framework\\src\\Illuminate\\Database\\Console\\Seeds\\SeedCommand.php(70): Illuminate\\Database\\Seeder->__invoke()
#24 D:\\FREELANCE\\backend\\backend-arusaka\\vendor\\laravel\\framework\\src\\Illuminate\\Database\\Eloquent\\Concerns\\GuardsAttributes.php(155): Illuminate\\Database\\Console\\Seeds\\SeedCommand->Illuminate\\Database\\Console\\Seeds\\{closure}()
#25 D:\\FREELANCE\\backend\\backend-arusaka\\vendor\\laravel\\framework\\src\\Illuminate\\Database\\Console\\Seeds\\SeedCommand.php(69): Illuminate\\Database\\Eloquent\\Model::unguarded(Object(Closure))
#26 D:\\FREELANCE\\backend\\backend-arusaka\\vendor\\laravel\\framework\\src\\Illuminate\\Container\\BoundMethod.php(36): Illuminate\\Database\\Console\\Seeds\\SeedCommand->handle()
#27 D:\\FREELANCE\\backend\\backend-arusaka\\vendor\\laravel\\framework\\src\\Illuminate\\Container\\Util.php(41): Illuminate\\Container\\BoundMethod::Illuminate\\Container\\{closure}()
#28 D:\\FREELANCE\\backend\\backend-arusaka\\vendor\\laravel\\framework\\src\\Illuminate\\Container\\BoundMethod.php(93): Illuminate\\Container\\Util::unwrapIfClosure(Object(Closure))
#29 D:\\FREELANCE\\backend\\backend-arusaka\\vendor\\laravel\\framework\\src\\Illuminate\\Container\\BoundMethod.php(35): Illuminate\\Container\\BoundMethod::callBoundMethod(Object(Illuminate\\Foundation\\Application), Array, Object(Closure))
#30 D:\\FREELANCE\\backend\\backend-arusaka\\vendor\\laravel\\framework\\src\\Illuminate\\Container\\Container.php(662): Illuminate\\Container\\BoundMethod::call(Object(Illuminate\\Foundation\\Application), Array, Array, NULL)
#31 D:\\FREELANCE\\backend\\backend-arusaka\\vendor\\laravel\\framework\\src\\Illuminate\\Console\\Command.php(208): Illuminate\\Container\\Container->call(Array)
#32 D:\\FREELANCE\\backend\\backend-arusaka\\vendor\\symfony\\console\\Command\\Command.php(326): Illuminate\\Console\\Command->execute(Object(Symfony\\Component\\Console\\Input\\ArrayInput), Object(Illuminate\\Console\\OutputStyle))
#33 D:\\FREELANCE\\backend\\backend-arusaka\\vendor\\laravel\\framework\\src\\Illuminate\\Console\\Command.php(177): Symfony\\Component\\Console\\Command\\Command->run(Object(Symfony\\Component\\Console\\Input\\ArrayInput), Object(Illuminate\\Console\\OutputStyle))
#34 D:\\FREELANCE\\backend\\backend-arusaka\\vendor\\laravel\\framework\\src\\Illuminate\\Console\\Concerns\\CallsCommands.php(67): Illuminate\\Console\\Command->run(Object(Symfony\\Component\\Console\\Input\\ArrayInput), Object(Illuminate\\Console\\OutputStyle))
#35 D:\\FREELANCE\\backend\\backend-arusaka\\vendor\\laravel\\framework\\src\\Illuminate\\Console\\Concerns\\CallsCommands.php(28): Illuminate\\Console\\Command->runCommand('db:seed', Array, Object(Illuminate\\Console\\OutputStyle))
#36 D:\\FREELANCE\\backend\\backend-arusaka\\vendor\\laravel\\framework\\src\\Illuminate\\Database\\Console\\Migrations\\FreshCommand.php(93): Illuminate\\Console\\Command->call('db:seed', Array)
#37 D:\\FREELANCE\\backend\\backend-arusaka\\vendor\\laravel\\framework\\src\\Illuminate\\Database\\Console\\Migrations\\FreshCommand.php(69): Illuminate\\Database\\Console\\Migrations\\FreshCommand->runSeeder(NULL)
#38 D:\\FREELANCE\\backend\\backend-arusaka\\vendor\\laravel\\framework\\src\\Illuminate\\Container\\BoundMethod.php(36): Illuminate\\Database\\Console\\Migrations\\FreshCommand->handle()
#39 D:\\FREELANCE\\backend\\backend-arusaka\\vendor\\laravel\\framework\\src\\Illuminate\\Container\\Util.php(41): Illuminate\\Container\\BoundMethod::Illuminate\\Container\\{closure}()
#40 D:\\FREELANCE\\backend\\backend-arusaka\\vendor\\laravel\\framework\\src\\Illuminate\\Container\\BoundMethod.php(93): Illuminate\\Container\\Util::unwrapIfClosure(Object(Closure))
#41 D:\\FREELANCE\\backend\\backend-arusaka\\vendor\\laravel\\framework\\src\\Illuminate\\Container\\BoundMethod.php(35): Illuminate\\Container\\BoundMethod::callBoundMethod(Object(Illuminate\\Foundation\\Application), Array, Object(Closure))
#42 D:\\FREELANCE\\backend\\backend-arusaka\\vendor\\laravel\\framework\\src\\Illuminate\\Container\\Container.php(662): Illuminate\\Container\\BoundMethod::call(Object(Illuminate\\Foundation\\Application), Array, Array, NULL)
#43 D:\\FREELANCE\\backend\\backend-arusaka\\vendor\\laravel\\framework\\src\\Illuminate\\Console\\Command.php(208): Illuminate\\Container\\Container->call(Array)
#44 D:\\FREELANCE\\backend\\backend-arusaka\\vendor\\symfony\\console\\Command\\Command.php(326): Illuminate\\Console\\Command->execute(Object(Symfony\\Component\\Console\\Input\\ArgvInput), Object(Illuminate\\Console\\OutputStyle))
#45 D:\\FREELANCE\\backend\\backend-arusaka\\vendor\\laravel\\framework\\src\\Illuminate\\Console\\Command.php(177): Symfony\\Component\\Console\\Command\\Command->run(Object(Symfony\\Component\\Console\\Input\\ArgvInput), Object(Illuminate\\Console\\OutputStyle))
#46 D:\\FREELANCE\\backend\\backend-arusaka\\vendor\\symfony\\console\\Application.php(1081): Illuminate\\Console\\Command->run(Object(Symfony\\Component\\Console\\Input\\ArgvInput), Object(Symfony\\Component\\Console\\Output\\ConsoleOutput))
#47 D:\\FREELANCE\\backend\\backend-arusaka\\vendor\\symfony\\console\\Application.php(320): Symfony\\Component\\Console\\Application->doRunCommand(Object(Illuminate\\Database\\Console\\Migrations\\FreshCommand), Object(Symfony\\Component\\Console\\Input\\ArgvInput), Object(Symfony\\Component\\Console\\Output\\ConsoleOutput))
#48 D:\\FREELANCE\\backend\\backend-arusaka\\vendor\\symfony\\console\\Application.php(174): Symfony\\Component\\Console\\Application->doRun(Object(Symfony\\Component\\Console\\Input\\ArgvInput), Object(Symfony\\Component\\Console\\Output\\ConsoleOutput))
#49 D:\\FREELANCE\\backend\\backend-arusaka\\vendor\\laravel\\framework\\src\\Illuminate\\Foundation\\Console\\Kernel.php(201): Symfony\\Component\\Console\\Application->run(Object(Symfony\\Component\\Console\\Input\\ArgvInput), Object(Symfony\\Component\\Console\\Output\\ConsoleOutput))
#50 D:\\FREELANCE\\backend\\backend-arusaka\\artisan(35): Illuminate\\Foundation\\Console\\Kernel->handle(Object(Symfony\\Component\\Console\\Input\\ArgvInput), Object(Symfony\\Component\\Console\\Output\\ConsoleOutput))
#51 {main}
"} 
